<?xml version="1.0" encoding="UTF-8"?>
<robot generator="Robot 6.1.1 (Python 3.12.0 on win32)" generated="20231130 22:49:53.558" rpa="false" schemaversion="4">
<suite id="s1" name="resources swagLabs" source="C:\Automacao\SiteSauceDemo\resources_swagLabs.robot">
<test id="s1-t1" name="Caso de Teste 01 - Realizar o Login no site 'Swag Labs'" line="8">
<kw name="Abrir o navegador" library="swagLabs" type="SETUP">
<kw name="Open Browser" library="SeleniumLibrary">
<arg>${URL}</arg>
<arg>chrome</arg>
<doc>Opens a new browser instance to the optional ``url``.</doc>
<msg timestamp="20231130 22:49:54.920" level="INFO">Opening browser 'chrome' to base url 'https://www.saucedemo.com/'.</msg>
<status status="PASS" starttime="20231130 22:49:54.919" endtime="20231130 22:49:57.989"/>
</kw>
<kw name="Maximize Browser Window" library="SeleniumLibrary">
<doc>Maximizes current browser window.</doc>
<status status="PASS" starttime="20231130 22:49:57.990" endtime="20231130 22:49:58.130"/>
</kw>
<status status="PASS" starttime="20231130 22:49:54.918" endtime="20231130 22:49:58.130"/>
</kw>
<kw name="Acessar a home page do site https://www.saucedemo.com/" library="swagLabs">
<kw name="Go To" library="SeleniumLibrary">
<arg>${URL}</arg>
<doc>Navigates the current browser window to the provided ``url``.</doc>
<msg timestamp="20231130 22:49:58.140" level="INFO">Opening url 'https://www.saucedemo.com/'</msg>
<status status="PASS" starttime="20231130 22:49:58.139" endtime="20231130 22:49:58.330"/>
</kw>
<status status="PASS" starttime="20231130 22:49:58.138" endtime="20231130 22:49:58.330"/>
</kw>
<kw name="Visualizar o titulo da Pagina 'Swag Labs'" library="swagLabs">
<kw name="Title Should Be" library="SeleniumLibrary">
<arg>title=${Titulo_from}</arg>
<doc>Verifies that the current page title equals ``title``.</doc>
<msg timestamp="20231130 22:49:58.353" level="INFO">Page title is 'Swag Labs'.</msg>
<status status="PASS" starttime="20231130 22:49:58.337" endtime="20231130 22:49:58.354"/>
</kw>
<status status="PASS" starttime="20231130 22:49:58.336" endtime="20231130 22:49:58.354"/>
</kw>
<kw name="Realizar o login" library="swagLabs">
<kw name="Input Text" library="SeleniumLibrary">
<arg>id=user-name</arg>
<arg>standard_user</arg>
<doc>Types the given ``text`` into the text field identified by ``locator``.</doc>
<msg timestamp="20231130 22:49:58.356" level="INFO">Typing text 'standard_user' into text field 'id=user-name'.</msg>
<status status="PASS" starttime="20231130 22:49:58.355" endtime="20231130 22:49:58.643"/>
</kw>
<kw name="Input Password" library="SeleniumLibrary">
<arg>id=password</arg>
<arg>secret_sauce</arg>
<doc>Types the given password into the text field identified by ``locator``.</doc>
<msg timestamp="20231130 22:49:58.644" level="INFO">Typing password into text field 'id=password'.</msg>
<msg timestamp="20231130 22:49:58.711" level="INFO">Temporally setting log level to: NONE</msg>
<msg timestamp="20231130 22:49:58.815" level="INFO">Log level changed from NONE to INFO.</msg>
<status status="PASS" starttime="20231130 22:49:58.643" endtime="20231130 22:49:58.815"/>
</kw>
<status status="PASS" starttime="20231130 22:49:58.354" endtime="20231130 22:49:58.815"/>
</kw>
<kw name="Clicar no botão de 'Login'" library="swagLabs">
<kw name="Click Button" library="SeleniumLibrary">
<arg>id=login-button</arg>
<doc>Clicks the button identified by ``locator``.</doc>
<msg timestamp="20231130 22:49:58.817" level="INFO">Clicking button 'id=login-button'.</msg>
<status status="PASS" starttime="20231130 22:49:58.816" endtime="20231130 22:49:59.031"/>
</kw>
<status status="PASS" starttime="20231130 22:49:58.815" endtime="20231130 22:49:59.031"/>
</kw>
<kw name="Visualizar o titulo da pagina 'Products'" library="swagLabs">
<kw name="Sleep" library="BuiltIn">
<arg>2</arg>
<doc>Pauses the test executed for the given time.</doc>
<msg timestamp="20231130 22:50:01.033" level="INFO">Slept 2 seconds</msg>
<status status="PASS" starttime="20231130 22:49:59.032" endtime="20231130 22:50:01.033"/>
</kw>
<kw name="Wait Until Element Is Visible" library="SeleniumLibrary">
<arg>${Products}</arg>
<doc>Waits until the element ``locator`` is visible.</doc>
<status status="PASS" starttime="20231130 22:50:01.033" endtime="20231130 22:50:01.074"/>
</kw>
<status status="PASS" starttime="20231130 22:49:59.031" endtime="20231130 22:50:01.074"/>
</kw>
<kw name="Fechar o navegador" library="swagLabs" type="TEARDOWN">
<kw name="Close All Browsers" library="SeleniumLibrary">
<doc>Closes all open browsers and resets the browser cache.</doc>
<status status="PASS" starttime="20231130 22:50:01.075" endtime="20231130 22:50:07.792"/>
</kw>
<status status="PASS" starttime="20231130 22:50:01.075" endtime="20231130 22:50:07.792"/>
</kw>
<doc>Essa suite irá realizar o Login no site 'Swag Labs'</doc>
<tag>Login</tag>
<status status="PASS" starttime="20231130 22:49:54.916" endtime="20231130 22:50:07.793"/>
</test>
<test id="s1-t2" name="Caso de Teste 02 - Realiza a inserção de itens no carrinho" line="18">
<kw name="Abrir o navegador" library="swagLabs" type="SETUP">
<kw name="Open Browser" library="SeleniumLibrary">
<arg>${URL}</arg>
<arg>chrome</arg>
<doc>Opens a new browser instance to the optional ``url``.</doc>
<msg timestamp="20231130 22:50:07.797" level="INFO">Opening browser 'chrome' to base url 'https://www.saucedemo.com/'.</msg>
<status status="PASS" starttime="20231130 22:50:07.796" endtime="20231130 22:50:10.638"/>
</kw>
<kw name="Maximize Browser Window" library="SeleniumLibrary">
<doc>Maximizes current browser window.</doc>
<status status="PASS" starttime="20231130 22:50:10.639" endtime="20231130 22:50:10.776"/>
</kw>
<status status="PASS" starttime="20231130 22:50:07.795" endtime="20231130 22:50:10.776"/>
</kw>
<kw name="Visualizar o titulo da tela de 'Products'" library="swagLabs">
<kw name="Realizar o login" library="swagLabs">
<kw name="Input Text" library="SeleniumLibrary">
<arg>id=user-name</arg>
<arg>standard_user</arg>
<doc>Types the given ``text`` into the text field identified by ``locator``.</doc>
<msg timestamp="20231130 22:50:10.779" level="INFO">Typing text 'standard_user' into text field 'id=user-name'.</msg>
<status status="PASS" starttime="20231130 22:50:10.778" endtime="20231130 22:50:11.047"/>
</kw>
<kw name="Input Password" library="SeleniumLibrary">
<arg>id=password</arg>
<arg>secret_sauce</arg>
<doc>Types the given password into the text field identified by ``locator``.</doc>
<msg timestamp="20231130 22:50:11.048" level="INFO">Typing password into text field 'id=password'.</msg>
<msg timestamp="20231130 22:50:11.149" level="INFO">Temporally setting log level to: NONE</msg>
<msg timestamp="20231130 22:50:11.263" level="INFO">Log level changed from NONE to INFO.</msg>
<status status="PASS" starttime="20231130 22:50:11.047" endtime="20231130 22:50:11.263"/>
</kw>
<status status="PASS" starttime="20231130 22:50:10.777" endtime="20231130 22:50:11.264"/>
</kw>
<kw name="Clicar no botão de 'Login'" library="swagLabs">
<kw name="Click Button" library="SeleniumLibrary">
<arg>id=login-button</arg>
<doc>Clicks the button identified by ``locator``.</doc>
<msg timestamp="20231130 22:50:11.265" level="INFO">Clicking button 'id=login-button'.</msg>
<status status="PASS" starttime="20231130 22:50:11.264" endtime="20231130 22:50:11.465"/>
</kw>
<status status="PASS" starttime="20231130 22:50:11.264" endtime="20231130 22:50:11.466"/>
</kw>
<kw name="Wait Until Element Is Visible" library="SeleniumLibrary">
<arg>${Products}</arg>
<doc>Waits until the element ``locator`` is visible.</doc>
<status status="PASS" starttime="20231130 22:50:11.466" endtime="20231130 22:50:11.518"/>
</kw>
<status status="PASS" starttime="20231130 22:50:10.777" endtime="20231130 22:50:11.519"/>
</kw>
<kw name="Adicionar o produto" library="swagLabs">
<kw name="Wait Until Element Is Visible" library="SeleniumLibrary">
<arg>${BackPack}</arg>
<doc>Waits until the element ``locator`` is visible.</doc>
<status status="PASS" starttime="20231130 22:50:11.519" endtime="20231130 22:50:11.562"/>
</kw>
<kw name="Click Element" library="SeleniumLibrary">
<arg>name=add-to-cart-sauce-labs-backpack</arg>
<doc>Click the element identified by ``locator``.</doc>
<msg timestamp="20231130 22:50:11.564" level="INFO">Clicking element 'name=add-to-cart-sauce-labs-backpack'.</msg>
<status status="PASS" starttime="20231130 22:50:11.562" endtime="20231130 22:50:11.641"/>
</kw>
<kw name="Sleep" library="BuiltIn">
<arg>5</arg>
<doc>Pauses the test executed for the given time.</doc>
<msg timestamp="20231130 22:50:16.642" level="INFO">Slept 5 seconds</msg>
<status status="PASS" starttime="20231130 22:50:11.641" endtime="20231130 22:50:16.642"/>
</kw>
<status status="PASS" starttime="20231130 22:50:11.519" endtime="20231130 22:50:16.642"/>
</kw>
<kw name="Acessar o carrinho" library="swagLabs">
<kw name="Click Element" library="SeleniumLibrary">
<arg>${ButtonCart}</arg>
<doc>Click the element identified by ``locator``.</doc>
<msg timestamp="20231130 22:50:16.644" level="INFO">Clicking element '//a[@class='shopping_cart_link']'.</msg>
<status status="PASS" starttime="20231130 22:50:16.643" endtime="20231130 22:50:16.743"/>
</kw>
<status status="PASS" starttime="20231130 22:50:16.643" endtime="20231130 22:50:16.743"/>
</kw>
<kw name="Visualizando o produto no carrinho" library="swagLabs">
<kw name="Get Text" library="SeleniumLibrary">
<var>${Produto}</var>
<arg>${BackPack}</arg>
<doc>Returns the text value of the element identified by ``locator``.</doc>
<msg timestamp="20231130 22:50:16.787" level="INFO">${Produto} = Sauce Labs Backpack</msg>
<status status="PASS" starttime="20231130 22:50:16.744" endtime="20231130 22:50:16.787"/>
</kw>
<kw name="Should Be Equal As Strings" library="BuiltIn">
<arg>${Produto}</arg>
<arg>Sauce Labs Backpack</arg>
<doc>Fails if objects are unequal after converting them to strings.</doc>
<status status="PASS" starttime="20231130 22:50:16.788" endtime="20231130 22:50:16.788"/>
</kw>
<status status="PASS" starttime="20231130 22:50:16.743" endtime="20231130 22:50:16.788"/>
</kw>
<kw name="Fechar o navegador" library="swagLabs" type="TEARDOWN">
<kw name="Close All Browsers" library="SeleniumLibrary">
<doc>Closes all open browsers and resets the browser cache.</doc>
<status status="PASS" starttime="20231130 22:50:16.789" endtime="20231130 22:50:23.186"/>
</kw>
<status status="PASS" starttime="20231130 22:50:16.789" endtime="20231130 22:50:23.186"/>
</kw>
<doc>Essa suite de teste irá realizar a inserção de produtos no carrinho</doc>
<tag>AdicaoProd</tag>
<status status="PASS" starttime="20231130 22:50:07.794" endtime="20231130 22:50:23.187"/>
</test>
<test id="s1-t3" name="Caso de Teste 03 - Testa o botão de 'Continue Shopping'" line="27">
<kw name="Abrir o navegador" library="swagLabs" type="SETUP">
<kw name="Open Browser" library="SeleniumLibrary">
<arg>${URL}</arg>
<arg>chrome</arg>
<doc>Opens a new browser instance to the optional ``url``.</doc>
<msg timestamp="20231130 22:50:23.190" level="INFO">Opening browser 'chrome' to base url 'https://www.saucedemo.com/'.</msg>
<status status="PASS" starttime="20231130 22:50:23.189" endtime="20231130 22:50:26.245"/>
</kw>
<kw name="Maximize Browser Window" library="SeleniumLibrary">
<doc>Maximizes current browser window.</doc>
<status status="PASS" starttime="20231130 22:50:26.245" endtime="20231130 22:50:26.399"/>
</kw>
<status status="PASS" starttime="20231130 22:50:23.188" endtime="20231130 22:50:26.399"/>
</kw>
<kw name="Usuário está na tela 'Your Cart'" library="swagLabs">
<kw name="Realizar o login" library="swagLabs">
<kw name="Input Text" library="SeleniumLibrary">
<arg>id=user-name</arg>
<arg>standard_user</arg>
<doc>Types the given ``text`` into the text field identified by ``locator``.</doc>
<msg timestamp="20231130 22:50:26.405" level="INFO">Typing text 'standard_user' into text field 'id=user-name'.</msg>
<status status="PASS" starttime="20231130 22:50:26.404" endtime="20231130 22:50:26.695"/>
</kw>
<kw name="Input Password" library="SeleniumLibrary">
<arg>id=password</arg>
<arg>secret_sauce</arg>
<doc>Types the given password into the text field identified by ``locator``.</doc>
<msg timestamp="20231130 22:50:26.696" level="INFO">Typing password into text field 'id=password'.</msg>
<msg timestamp="20231130 22:50:26.778" level="INFO">Temporally setting log level to: NONE</msg>
<msg timestamp="20231130 22:50:26.888" level="INFO">Log level changed from NONE to INFO.</msg>
<status status="PASS" starttime="20231130 22:50:26.695" endtime="20231130 22:50:26.888"/>
</kw>
<status status="PASS" starttime="20231130 22:50:26.403" endtime="20231130 22:50:26.888"/>
</kw>
<kw name="Clicar no botão de 'Login'" library="swagLabs">
<kw name="Click Button" library="SeleniumLibrary">
<arg>id=login-button</arg>
<doc>Clicks the button identified by ``locator``.</doc>
<msg timestamp="20231130 22:50:26.889" level="INFO">Clicking button 'id=login-button'.</msg>
<status status="PASS" starttime="20231130 22:50:26.888" endtime="20231130 22:50:27.096"/>
</kw>
<status status="PASS" starttime="20231130 22:50:26.888" endtime="20231130 22:50:27.096"/>
</kw>
<kw name="Adicionar o produto" library="swagLabs">
<kw name="Wait Until Element Is Visible" library="SeleniumLibrary">
<arg>${BackPack}</arg>
<doc>Waits until the element ``locator`` is visible.</doc>
<status status="PASS" starttime="20231130 22:50:27.096" endtime="20231130 22:50:27.151"/>
</kw>
<kw name="Click Element" library="SeleniumLibrary">
<arg>name=add-to-cart-sauce-labs-backpack</arg>
<doc>Click the element identified by ``locator``.</doc>
<msg timestamp="20231130 22:50:27.152" level="INFO">Clicking element 'name=add-to-cart-sauce-labs-backpack'.</msg>
<status status="PASS" starttime="20231130 22:50:27.151" endtime="20231130 22:50:27.239"/>
</kw>
<kw name="Sleep" library="BuiltIn">
<arg>5</arg>
<doc>Pauses the test executed for the given time.</doc>
<msg timestamp="20231130 22:50:32.240" level="INFO">Slept 5 seconds</msg>
<status status="PASS" starttime="20231130 22:50:27.239" endtime="20231130 22:50:32.240"/>
</kw>
<status status="PASS" starttime="20231130 22:50:27.096" endtime="20231130 22:50:32.240"/>
</kw>
<status status="PASS" starttime="20231130 22:50:26.403" endtime="20231130 22:50:32.240"/>
</kw>
<kw name="Verificar se o produto 'Sauce Labs Backpack' foi adicionado no carrinho" library="swagLabs">
<kw name="Acessar o carrinho" library="swagLabs">
<kw name="Click Element" library="SeleniumLibrary">
<arg>${ButtonCart}</arg>
<doc>Click the element identified by ``locator``.</doc>
<msg timestamp="20231130 22:50:32.242" level="INFO">Clicking element '//a[@class='shopping_cart_link']'.</msg>
<status status="PASS" starttime="20231130 22:50:32.241" endtime="20231130 22:50:32.338"/>
</kw>
<status status="PASS" starttime="20231130 22:50:32.241" endtime="20231130 22:50:32.338"/>
</kw>
<kw name="Visualizando o produto no carrinho" library="swagLabs">
<kw name="Get Text" library="SeleniumLibrary">
<var>${Produto}</var>
<arg>${BackPack}</arg>
<doc>Returns the text value of the element identified by ``locator``.</doc>
<msg timestamp="20231130 22:50:32.385" level="INFO">${Produto} = Sauce Labs Backpack</msg>
<status status="PASS" starttime="20231130 22:50:32.339" endtime="20231130 22:50:32.385"/>
</kw>
<kw name="Should Be Equal As Strings" library="BuiltIn">
<arg>${Produto}</arg>
<arg>Sauce Labs Backpack</arg>
<doc>Fails if objects are unequal after converting them to strings.</doc>
<status status="PASS" starttime="20231130 22:50:32.385" endtime="20231130 22:50:32.386"/>
</kw>
<status status="PASS" starttime="20231130 22:50:32.339" endtime="20231130 22:50:32.386"/>
</kw>
<status status="PASS" starttime="20231130 22:50:32.241" endtime="20231130 22:50:32.386"/>
</kw>
<kw name="Clicar no botão 'Continue Shopping'" library="swagLabs">
<kw name="Sleep" library="BuiltIn">
<arg>2</arg>
<doc>Pauses the test executed for the given time.</doc>
<msg timestamp="20231130 22:50:34.388" level="INFO">Slept 2 seconds</msg>
<status status="PASS" starttime="20231130 22:50:32.386" endtime="20231130 22:50:34.388"/>
</kw>
<kw name="Click Element" library="SeleniumLibrary">
<arg>${ButtonShopping}</arg>
<doc>Click the element identified by ``locator``.</doc>
<msg timestamp="20231130 22:50:34.389" level="INFO">Clicking element '//button[@name='continue-shopping']'.</msg>
<status status="PASS" starttime="20231130 22:50:34.388" endtime="20231130 22:50:34.485"/>
</kw>
<status status="PASS" starttime="20231130 22:50:32.386" endtime="20231130 22:50:34.485"/>
</kw>
<kw name="Verificar se voltou para a tela inicial 'Products'" library="swagLabs">
<kw name="Wait Until Element Is Visible" library="SeleniumLibrary">
<arg>${Products}</arg>
<doc>Waits until the element ``locator`` is visible.</doc>
<status status="PASS" starttime="20231130 22:50:34.491" endtime="20231130 22:50:34.540"/>
</kw>
<status status="PASS" starttime="20231130 22:50:34.490" endtime="20231130 22:50:34.540"/>
</kw>
<kw name="Fechar o navegador" library="swagLabs" type="TEARDOWN">
<kw name="Close All Browsers" library="SeleniumLibrary">
<doc>Closes all open browsers and resets the browser cache.</doc>
<status status="PASS" starttime="20231130 22:50:34.541" endtime="20231130 22:50:41.202"/>
</kw>
<status status="PASS" starttime="20231130 22:50:34.541" endtime="20231130 22:50:41.202"/>
</kw>
<doc>Essa suite de teste irá realizar verificação do produto no carrinho
E acessará o carrinho, após verificar o item no carrinho, irá voltar para a tela principal</doc>
<tag>ContinueShopping</tag>
<status status="PASS" starttime="20231130 22:50:23.188" endtime="20231130 22:50:41.202"/>
</test>
<test id="s1-t4" name="Caso de teste 04 - Realiza o pedido com sucesso" line="37">
<kw name="Abrir o navegador" library="swagLabs" type="SETUP">
<kw name="Open Browser" library="SeleniumLibrary">
<arg>${URL}</arg>
<arg>chrome</arg>
<doc>Opens a new browser instance to the optional ``url``.</doc>
<msg timestamp="20231130 22:50:41.206" level="INFO">Opening browser 'chrome' to base url 'https://www.saucedemo.com/'.</msg>
<status status="PASS" starttime="20231130 22:50:41.205" endtime="20231130 22:50:44.287"/>
</kw>
<kw name="Maximize Browser Window" library="SeleniumLibrary">
<doc>Maximizes current browser window.</doc>
<status status="PASS" starttime="20231130 22:50:44.287" endtime="20231130 22:50:44.507"/>
</kw>
<status status="PASS" starttime="20231130 22:50:41.204" endtime="20231130 22:50:44.507"/>
</kw>
<kw name="Está na tela 'Your Cart'" library="swagLabs">
<kw name="Realizar o login" library="swagLabs">
<kw name="Input Text" library="SeleniumLibrary">
<arg>id=user-name</arg>
<arg>standard_user</arg>
<doc>Types the given ``text`` into the text field identified by ``locator``.</doc>
<msg timestamp="20231130 22:50:44.545" level="INFO">Typing text 'standard_user' into text field 'id=user-name'.</msg>
<status status="PASS" starttime="20231130 22:50:44.544" endtime="20231130 22:50:44.812"/>
</kw>
<kw name="Input Password" library="SeleniumLibrary">
<arg>id=password</arg>
<arg>secret_sauce</arg>
<doc>Types the given password into the text field identified by ``locator``.</doc>
<msg timestamp="20231130 22:50:44.814" level="INFO">Typing password into text field 'id=password'.</msg>
<msg timestamp="20231130 22:50:44.888" level="INFO">Temporally setting log level to: NONE</msg>
<msg timestamp="20231130 22:50:45.007" level="INFO">Log level changed from NONE to INFO.</msg>
<status status="PASS" starttime="20231130 22:50:44.812" endtime="20231130 22:50:45.008"/>
</kw>
<status status="PASS" starttime="20231130 22:50:44.544" endtime="20231130 22:50:45.008"/>
</kw>
<kw name="Clicar no botão de 'Login'" library="swagLabs">
<kw name="Click Button" library="SeleniumLibrary">
<arg>id=login-button</arg>
<doc>Clicks the button identified by ``locator``.</doc>
<msg timestamp="20231130 22:50:45.009" level="INFO">Clicking button 'id=login-button'.</msg>
<status status="PASS" starttime="20231130 22:50:45.008" endtime="20231130 22:50:45.234"/>
</kw>
<status status="PASS" starttime="20231130 22:50:45.008" endtime="20231130 22:50:45.234"/>
</kw>
<kw name="Adicionar o produto" library="swagLabs">
<kw name="Wait Until Element Is Visible" library="SeleniumLibrary">
<arg>${BackPack}</arg>
<doc>Waits until the element ``locator`` is visible.</doc>
<status status="PASS" starttime="20231130 22:50:45.235" endtime="20231130 22:50:45.292"/>
</kw>
<kw name="Click Element" library="SeleniumLibrary">
<arg>name=add-to-cart-sauce-labs-backpack</arg>
<doc>Click the element identified by ``locator``.</doc>
<msg timestamp="20231130 22:50:45.293" level="INFO">Clicking element 'name=add-to-cart-sauce-labs-backpack'.</msg>
<status status="PASS" starttime="20231130 22:50:45.292" endtime="20231130 22:50:45.379"/>
</kw>
<kw name="Sleep" library="BuiltIn">
<arg>5</arg>
<doc>Pauses the test executed for the given time.</doc>
<msg timestamp="20231130 22:50:50.381" level="INFO">Slept 5 seconds</msg>
<status status="PASS" starttime="20231130 22:50:45.380" endtime="20231130 22:50:50.381"/>
</kw>
<status status="PASS" starttime="20231130 22:50:45.234" endtime="20231130 22:50:50.381"/>
</kw>
<status status="PASS" starttime="20231130 22:50:44.543" endtime="20231130 22:50:50.381"/>
</kw>
<kw name="Ter o produto 'Sauce Labs Backpack' adicionado no carrinho" library="swagLabs">
<kw name="Acessar o carrinho" library="swagLabs">
<kw name="Click Element" library="SeleniumLibrary">
<arg>${ButtonCart}</arg>
<doc>Click the element identified by ``locator``.</doc>
<msg timestamp="20231130 22:50:50.383" level="INFO">Clicking element '//a[@class='shopping_cart_link']'.</msg>
<status status="PASS" starttime="20231130 22:50:50.382" endtime="20231130 22:50:50.472"/>
</kw>
<status status="PASS" starttime="20231130 22:50:50.382" endtime="20231130 22:50:50.472"/>
</kw>
<kw name="Visualizando o produto no carrinho" library="swagLabs">
<kw name="Get Text" library="SeleniumLibrary">
<var>${Produto}</var>
<arg>${BackPack}</arg>
<doc>Returns the text value of the element identified by ``locator``.</doc>
<msg timestamp="20231130 22:50:50.520" level="INFO">${Produto} = Sauce Labs Backpack</msg>
<status status="PASS" starttime="20231130 22:50:50.473" endtime="20231130 22:50:50.520"/>
</kw>
<kw name="Should Be Equal As Strings" library="BuiltIn">
<arg>${Produto}</arg>
<arg>Sauce Labs Backpack</arg>
<doc>Fails if objects are unequal after converting them to strings.</doc>
<status status="PASS" starttime="20231130 22:50:50.520" endtime="20231130 22:50:50.520"/>
</kw>
<status status="PASS" starttime="20231130 22:50:50.472" endtime="20231130 22:50:50.521"/>
</kw>
<status status="PASS" starttime="20231130 22:50:50.381" endtime="20231130 22:50:50.521"/>
</kw>
<kw name="Finalizar o pedido" library="swagLabs">
<kw name="Sleep" library="BuiltIn">
<arg>5</arg>
<doc>Pauses the test executed for the given time.</doc>
<msg timestamp="20231130 22:50:55.523" level="INFO">Slept 5 seconds</msg>
<status status="PASS" starttime="20231130 22:50:50.521" endtime="20231130 22:50:55.523"/>
</kw>
<kw name="Click Element" library="SeleniumLibrary">
<arg>id=checkout</arg>
<doc>Click the element identified by ``locator``.</doc>
<msg timestamp="20231130 22:50:55.524" level="INFO">Clicking element 'id=checkout'.</msg>
<status status="PASS" starttime="20231130 22:50:55.523" endtime="20231130 22:50:55.610"/>
</kw>
<kw name="First Name" library="FakerLibrary">
<var>${nome}</var>
<msg timestamp="20231130 22:50:55.611" level="INFO">${nome} = Christie</msg>
<status status="PASS" starttime="20231130 22:50:55.610" endtime="20231130 22:50:55.611"/>
</kw>
<kw name="Input Text" library="SeleniumLibrary">
<arg>id=first-name</arg>
<arg>${nome}</arg>
<doc>Types the given ``text`` into the text field identified by ``locator``.</doc>
<msg timestamp="20231130 22:50:55.613" level="INFO">Typing text 'Christie' into text field 'id=first-name'.</msg>
<status status="PASS" starttime="20231130 22:50:55.611" endtime="20231130 22:50:55.792"/>
</kw>
<kw name="Last Name" library="FakerLibrary">
<var>${sobrenome}</var>
<msg timestamp="20231130 22:50:55.793" level="INFO">${sobrenome} = Green</msg>
<status status="PASS" starttime="20231130 22:50:55.792" endtime="20231130 22:50:55.793"/>
</kw>
<kw name="Input Text" library="SeleniumLibrary">
<arg>id=last-name</arg>
<arg>${sobrenome}</arg>
<doc>Types the given ``text`` into the text field identified by ``locator``.</doc>
<msg timestamp="20231130 22:50:55.795" level="INFO">Typing text 'Green' into text field 'id=last-name'.</msg>
<status status="PASS" starttime="20231130 22:50:55.794" endtime="20231130 22:50:55.956"/>
</kw>
<kw name="Input Text" library="SeleniumLibrary">
<arg>id=postal-code</arg>
<arg>21721450</arg>
<doc>Types the given ``text`` into the text field identified by ``locator``.</doc>
<msg timestamp="20231130 22:50:55.958" level="INFO">Typing text '21721450' into text field 'id=postal-code'.</msg>
<status status="PASS" starttime="20231130 22:50:55.957" endtime="20231130 22:50:56.119"/>
</kw>
<kw name="Sleep" library="BuiltIn">
<arg>5</arg>
<doc>Pauses the test executed for the given time.</doc>
<msg timestamp="20231130 22:51:01.121" level="INFO">Slept 5 seconds</msg>
<status status="PASS" starttime="20231130 22:50:56.120" endtime="20231130 22:51:01.121"/>
</kw>
<kw name="Click Element" library="SeleniumLibrary">
<arg>id=continue</arg>
<doc>Click the element identified by ``locator``.</doc>
<msg timestamp="20231130 22:51:01.122" level="INFO">Clicking element 'id=continue'.</msg>
<status status="PASS" starttime="20231130 22:51:01.121" endtime="20231130 22:51:01.264"/>
</kw>
<kw name="Wait Until Element Is Visible" library="SeleniumLibrary">
<arg>${BackPack}</arg>
<doc>Waits until the element ``locator`` is visible.</doc>
<status status="PASS" starttime="20231130 22:51:01.265" endtime="20231130 22:51:01.317"/>
</kw>
<kw name="Click Element" library="SeleniumLibrary">
<arg>id=finish</arg>
<doc>Click the element identified by ``locator``.</doc>
<msg timestamp="20231130 22:51:01.318" level="INFO">Clicking element 'id=finish'.</msg>
<status status="PASS" starttime="20231130 22:51:01.317" endtime="20231130 22:51:01.421"/>
</kw>
<kw name="Sleep" library="BuiltIn">
<arg>5</arg>
<doc>Pauses the test executed for the given time.</doc>
<msg timestamp="20231130 22:51:06.423" level="INFO">Slept 5 seconds</msg>
<status status="PASS" starttime="20231130 22:51:01.421" endtime="20231130 22:51:06.423"/>
</kw>
<status status="PASS" starttime="20231130 22:50:50.521" endtime="20231130 22:51:06.423"/>
</kw>
<kw name="Validar mensagem de pedido realizado com sucesso" library="swagLabs">
<kw name="Get Text" library="SeleniumLibrary">
<var>${mensagem}</var>
<arg>//h2[@class='complete-header'][contains(.,'Thank you for your order!')]</arg>
<doc>Returns the text value of the element identified by ``locator``.</doc>
<msg timestamp="20231130 22:51:06.468" level="INFO">${mensagem} = Thank you for your order!</msg>
<status status="PASS" starttime="20231130 22:51:06.425" endtime="20231130 22:51:06.468"/>
</kw>
<kw name="Should Be Equal As Strings" library="BuiltIn">
<arg>${mensagem}</arg>
<arg>Thank you for your order!</arg>
<doc>Fails if objects are unequal after converting them to strings.</doc>
<status status="PASS" starttime="20231130 22:51:06.469" endtime="20231130 22:51:06.469"/>
</kw>
<kw name="Sleep" library="BuiltIn">
<arg>5</arg>
<doc>Pauses the test executed for the given time.</doc>
<msg timestamp="20231130 22:51:11.471" level="INFO">Slept 5 seconds</msg>
<status status="PASS" starttime="20231130 22:51:06.470" endtime="20231130 22:51:11.471"/>
</kw>
<status status="PASS" starttime="20231130 22:51:06.424" endtime="20231130 22:51:11.471"/>
</kw>
<kw name="Fechar o navegador" library="swagLabs" type="TEARDOWN">
<kw name="Close All Browsers" library="SeleniumLibrary">
<doc>Closes all open browsers and resets the browser cache.</doc>
<status status="PASS" starttime="20231130 22:51:11.472" endtime="20231130 22:51:23.782"/>
</kw>
<status status="PASS" starttime="20231130 22:51:11.472" endtime="20231130 22:51:23.782"/>
</kw>
<doc>Essa suite de Teste irá realizar o pedido com sucesso</doc>
<tag>Pedido</tag>
<status status="PASS" starttime="20231130 22:50:41.203" endtime="20231130 22:51:23.783"/>
</test>
<doc>Aqui estarão todos os steps de Test</doc>
<status status="PASS" starttime="20231130 22:49:53.561" endtime="20231130 22:51:23.785"/>
</suite>
<statistics>
<total>
<stat pass="4" fail="0" skip="0">All Tests</stat>
</total>
<tag>
<stat pass="1" fail="0" skip="0">AdicaoProd</stat>
<stat pass="1" fail="0" skip="0">ContinueShopping</stat>
<stat pass="1" fail="0" skip="0">Login</stat>
<stat pass="1" fail="0" skip="0">Pedido</stat>
</tag>
<suite>
<stat pass="4" fail="0" skip="0" id="s1" name="resources swagLabs">resources swagLabs</stat>
</suite>
</statistics>
<errors>
</errors>
</robot>
