<?xml version="1.0" encoding="UTF-8"?>
<robot generator="Robot 6.1.1 (Python 3.12.0 on win32)" generated="20231130 23:09:18.342" rpa="false" schemaversion="4">
<suite id="s1" name="resources swagLabs" source="C:\Automacao\SiteSauceDemo\TestCase\resources_swagLabs.robot">
<test id="s1-t1" name="Caso de Teste 01 - Realizar o Login no site 'Swag Labs'" line="8">
<kw name="Abrir o navegador" library="swagLabs" type="SETUP">
<kw name="Open Browser" library="SeleniumLibrary">
<arg>${URL}</arg>
<arg>chrome</arg>
<doc>Opens a new browser instance to the optional ``url``.</doc>
<msg timestamp="20231130 23:09:20.262" level="INFO">Opening browser 'chrome' to base url 'https://www.saucedemo.com/'.</msg>
<status status="PASS" starttime="20231130 23:09:20.261" endtime="20231130 23:09:23.711"/>
</kw>
<kw name="Maximize Browser Window" library="SeleniumLibrary">
<doc>Maximizes current browser window.</doc>
<status status="PASS" starttime="20231130 23:09:23.712" endtime="20231130 23:09:24.008"/>
</kw>
<status status="PASS" starttime="20231130 23:09:20.260" endtime="20231130 23:09:24.008"/>
</kw>
<kw name="Acessar a home page do site https://www.saucedemo.com/" library="swagLabs">
<kw name="Go To" library="SeleniumLibrary">
<arg>${URL}</arg>
<doc>Navigates the current browser window to the provided ``url``.</doc>
<msg timestamp="20231130 23:09:24.047" level="INFO">Opening url 'https://www.saucedemo.com/'</msg>
<status status="PASS" starttime="20231130 23:09:24.047" endtime="20231130 23:09:24.224"/>
</kw>
<status status="PASS" starttime="20231130 23:09:24.046" endtime="20231130 23:09:24.224"/>
</kw>
<kw name="Visualizar o titulo da Pagina 'Swag Labs'" library="swagLabs">
<kw name="Title Should Be" library="SeleniumLibrary">
<arg>title=${Titulo_from}</arg>
<doc>Verifies that the current page title equals ``title``.</doc>
<msg timestamp="20231130 23:09:24.309" level="INFO">Page title is 'Swag Labs'.</msg>
<status status="PASS" starttime="20231130 23:09:24.247" endtime="20231130 23:09:24.309"/>
</kw>
<status status="PASS" starttime="20231130 23:09:24.247" endtime="20231130 23:09:24.309"/>
</kw>
<kw name="Realizar o login" library="swagLabs">
<kw name="Input Text" library="SeleniumLibrary">
<arg>id=user-name</arg>
<arg>standard_user</arg>
<doc>Types the given ``text`` into the text field identified by ``locator``.</doc>
<msg timestamp="20231130 23:09:24.322" level="INFO">Typing text 'standard_user' into text field 'id=user-name'.</msg>
<status status="PASS" starttime="20231130 23:09:24.320" endtime="20231130 23:09:24.567"/>
</kw>
<kw name="Input Password" library="SeleniumLibrary">
<arg>id=password</arg>
<arg>secret_sauce</arg>
<doc>Types the given password into the text field identified by ``locator``.</doc>
<msg timestamp="20231130 23:09:24.569" level="INFO">Typing password into text field 'id=password'.</msg>
<msg timestamp="20231130 23:09:24.632" level="INFO">Temporally setting log level to: NONE</msg>
<msg timestamp="20231130 23:09:24.738" level="INFO">Log level changed from NONE to INFO.</msg>
<status status="PASS" starttime="20231130 23:09:24.567" endtime="20231130 23:09:24.738"/>
</kw>
<status status="PASS" starttime="20231130 23:09:24.319" endtime="20231130 23:09:24.738"/>
</kw>
<kw name="Clicar no botão de 'Login'" library="swagLabs">
<kw name="Click Button" library="SeleniumLibrary">
<arg>id=login-button</arg>
<doc>Clicks the button identified by ``locator``.</doc>
<msg timestamp="20231130 23:09:24.740" level="INFO">Clicking button 'id=login-button'.</msg>
<status status="PASS" starttime="20231130 23:09:24.739" endtime="20231130 23:09:24.951"/>
</kw>
<status status="PASS" starttime="20231130 23:09:24.738" endtime="20231130 23:09:24.951"/>
</kw>
<kw name="Visualizar o titulo da pagina 'Products'" library="swagLabs">
<kw name="Wait Until Element Is Visible" library="SeleniumLibrary">
<arg>${Products}</arg>
<doc>Waits until the element ``locator`` is visible.</doc>
<status status="PASS" starttime="20231130 23:09:24.952" endtime="20231130 23:09:25.016"/>
</kw>
<status status="PASS" starttime="20231130 23:09:24.952" endtime="20231130 23:09:25.016"/>
</kw>
<kw name="Fechar o navegador" library="swagLabs" type="TEARDOWN">
<kw name="Close All Browsers" library="SeleniumLibrary">
<doc>Closes all open browsers and resets the browser cache.</doc>
<status status="PASS" starttime="20231130 23:09:25.017" endtime="20231130 23:09:31.411"/>
</kw>
<status status="PASS" starttime="20231130 23:09:25.017" endtime="20231130 23:09:31.411"/>
</kw>
<doc>Essa suite irá realizar o Login no site 'Swag Labs'</doc>
<tag>Login</tag>
<status status="PASS" starttime="20231130 23:09:20.258" endtime="20231130 23:09:31.412"/>
</test>
<test id="s1-t2" name="Caso de Teste 02 - Realiza a inserção de itens no carrinho" line="18">
<kw name="Abrir o navegador" library="swagLabs" type="SETUP">
<kw name="Open Browser" library="SeleniumLibrary">
<arg>${URL}</arg>
<arg>chrome</arg>
<doc>Opens a new browser instance to the optional ``url``.</doc>
<msg timestamp="20231130 23:09:31.414" level="INFO">Opening browser 'chrome' to base url 'https://www.saucedemo.com/'.</msg>
<status status="PASS" starttime="20231130 23:09:31.414" endtime="20231130 23:09:34.433"/>
</kw>
<kw name="Maximize Browser Window" library="SeleniumLibrary">
<doc>Maximizes current browser window.</doc>
<status status="PASS" starttime="20231130 23:09:34.433" endtime="20231130 23:09:35.220"/>
</kw>
<status status="PASS" starttime="20231130 23:09:31.413" endtime="20231130 23:09:35.220"/>
</kw>
<kw name="Visualizar o titulo da tela de 'Products'" library="swagLabs">
<kw name="Realizar o login" library="swagLabs">
<kw name="Input Text" library="SeleniumLibrary">
<arg>id=user-name</arg>
<arg>standard_user</arg>
<doc>Types the given ``text`` into the text field identified by ``locator``.</doc>
<msg timestamp="20231130 23:09:35.226" level="INFO">Typing text 'standard_user' into text field 'id=user-name'.</msg>
<status status="PASS" starttime="20231130 23:09:35.225" endtime="20231130 23:09:35.490"/>
</kw>
<kw name="Input Password" library="SeleniumLibrary">
<arg>id=password</arg>
<arg>secret_sauce</arg>
<doc>Types the given password into the text field identified by ``locator``.</doc>
<msg timestamp="20231130 23:09:35.492" level="INFO">Typing password into text field 'id=password'.</msg>
<msg timestamp="20231130 23:09:35.559" level="INFO">Temporally setting log level to: NONE</msg>
<msg timestamp="20231130 23:09:35.770" level="INFO">Log level changed from NONE to INFO.</msg>
<status status="PASS" starttime="20231130 23:09:35.490" endtime="20231130 23:09:35.770"/>
</kw>
<status status="PASS" starttime="20231130 23:09:35.224" endtime="20231130 23:09:35.770"/>
</kw>
<kw name="Clicar no botão de 'Login'" library="swagLabs">
<kw name="Click Button" library="SeleniumLibrary">
<arg>id=login-button</arg>
<doc>Clicks the button identified by ``locator``.</doc>
<msg timestamp="20231130 23:09:35.772" level="INFO">Clicking button 'id=login-button'.</msg>
<status status="PASS" starttime="20231130 23:09:35.771" endtime="20231130 23:09:36.293"/>
</kw>
<status status="PASS" starttime="20231130 23:09:35.770" endtime="20231130 23:09:36.294"/>
</kw>
<kw name="Wait Until Element Is Visible" library="SeleniumLibrary">
<arg>${Products}</arg>
<doc>Waits until the element ``locator`` is visible.</doc>
<status status="PASS" starttime="20231130 23:09:36.294" endtime="20231130 23:09:36.345"/>
</kw>
<status status="PASS" starttime="20231130 23:09:35.223" endtime="20231130 23:09:36.346"/>
</kw>
<kw name="Adicionar o produto" library="swagLabs">
<kw name="Wait Until Element Is Visible" library="SeleniumLibrary">
<arg>${BackPack}</arg>
<doc>Waits until the element ``locator`` is visible.</doc>
<status status="PASS" starttime="20231130 23:09:36.346" endtime="20231130 23:09:36.394"/>
</kw>
<kw name="Click Element" library="SeleniumLibrary">
<arg>name=add-to-cart-sauce-labs-backpack</arg>
<doc>Click the element identified by ``locator``.</doc>
<msg timestamp="20231130 23:09:36.395" level="INFO">Clicking element 'name=add-to-cart-sauce-labs-backpack'.</msg>
<status status="PASS" starttime="20231130 23:09:36.394" endtime="20231130 23:09:36.482"/>
</kw>
<status status="PASS" starttime="20231130 23:09:36.346" endtime="20231130 23:09:36.482"/>
</kw>
<kw name="Acessar o carrinho" library="swagLabs">
<kw name="Click Element" library="SeleniumLibrary">
<arg>${ButtonCart}</arg>
<doc>Click the element identified by ``locator``.</doc>
<msg timestamp="20231130 23:09:36.491" level="INFO">Clicking element '//a[@class='shopping_cart_link']'.</msg>
<status status="PASS" starttime="20231130 23:09:36.490" endtime="20231130 23:09:36.601"/>
</kw>
<status status="PASS" starttime="20231130 23:09:36.489" endtime="20231130 23:09:36.602"/>
</kw>
<kw name="Visualizando o produto no carrinho" library="swagLabs">
<kw name="Get Text" library="SeleniumLibrary">
<var>${Produto}</var>
<arg>${BackPack}</arg>
<doc>Returns the text value of the element identified by ``locator``.</doc>
<msg timestamp="20231130 23:09:36.652" level="INFO">${Produto} = Sauce Labs Backpack</msg>
<status status="PASS" starttime="20231130 23:09:36.611" endtime="20231130 23:09:36.652"/>
</kw>
<kw name="Should Be Equal As Strings" library="BuiltIn">
<arg>${Produto}</arg>
<arg>Sauce Labs Backpack</arg>
<doc>Fails if objects are unequal after converting them to strings.</doc>
<status status="PASS" starttime="20231130 23:09:36.652" endtime="20231130 23:09:36.653"/>
</kw>
<status status="PASS" starttime="20231130 23:09:36.611" endtime="20231130 23:09:36.653"/>
</kw>
<kw name="Fechar o navegador" library="swagLabs" type="TEARDOWN">
<kw name="Close All Browsers" library="SeleniumLibrary">
<doc>Closes all open browsers and resets the browser cache.</doc>
<status status="PASS" starttime="20231130 23:09:36.655" endtime="20231130 23:09:43.509"/>
</kw>
<status status="PASS" starttime="20231130 23:09:36.654" endtime="20231130 23:09:43.509"/>
</kw>
<doc>Essa suite de teste irá realizar a inserção de produtos no carrinho</doc>
<tag>AdicaoProd</tag>
<status status="PASS" starttime="20231130 23:09:31.413" endtime="20231130 23:09:43.510"/>
</test>
<test id="s1-t3" name="Caso de Teste 03 - Testa o botão de 'Continue Shopping'" line="27">
<kw name="Abrir o navegador" library="swagLabs" type="SETUP">
<kw name="Open Browser" library="SeleniumLibrary">
<arg>${URL}</arg>
<arg>chrome</arg>
<doc>Opens a new browser instance to the optional ``url``.</doc>
<msg timestamp="20231130 23:09:43.514" level="INFO">Opening browser 'chrome' to base url 'https://www.saucedemo.com/'.</msg>
<status status="PASS" starttime="20231130 23:09:43.513" endtime="20231130 23:09:47.234"/>
</kw>
<kw name="Maximize Browser Window" library="SeleniumLibrary">
<doc>Maximizes current browser window.</doc>
<status status="PASS" starttime="20231130 23:09:47.234" endtime="20231130 23:09:47.383"/>
</kw>
<status status="PASS" starttime="20231130 23:09:43.512" endtime="20231130 23:09:47.383"/>
</kw>
<kw name="Usuário está na tela 'Your Cart'" library="swagLabs">
<kw name="Realizar o login" library="swagLabs">
<kw name="Input Text" library="SeleniumLibrary">
<arg>id=user-name</arg>
<arg>standard_user</arg>
<doc>Types the given ``text`` into the text field identified by ``locator``.</doc>
<msg timestamp="20231130 23:09:47.402" level="INFO">Typing text 'standard_user' into text field 'id=user-name'.</msg>
<status status="PASS" starttime="20231130 23:09:47.401" endtime="20231130 23:09:47.667"/>
</kw>
<kw name="Input Password" library="SeleniumLibrary">
<arg>id=password</arg>
<arg>secret_sauce</arg>
<doc>Types the given password into the text field identified by ``locator``.</doc>
<msg timestamp="20231130 23:09:47.668" level="INFO">Typing password into text field 'id=password'.</msg>
<msg timestamp="20231130 23:09:47.816" level="INFO">Temporally setting log level to: NONE</msg>
<msg timestamp="20231130 23:09:47.934" level="INFO">Log level changed from NONE to INFO.</msg>
<status status="PASS" starttime="20231130 23:09:47.668" endtime="20231130 23:09:47.934"/>
</kw>
<status status="PASS" starttime="20231130 23:09:47.401" endtime="20231130 23:09:47.934"/>
</kw>
<kw name="Clicar no botão de 'Login'" library="swagLabs">
<kw name="Click Button" library="SeleniumLibrary">
<arg>id=login-button</arg>
<doc>Clicks the button identified by ``locator``.</doc>
<msg timestamp="20231130 23:09:47.936" level="INFO">Clicking button 'id=login-button'.</msg>
<status status="PASS" starttime="20231130 23:09:47.935" endtime="20231130 23:09:48.191"/>
</kw>
<status status="PASS" starttime="20231130 23:09:47.934" endtime="20231130 23:09:48.191"/>
</kw>
<kw name="Adicionar o produto" library="swagLabs">
<kw name="Wait Until Element Is Visible" library="SeleniumLibrary">
<arg>${BackPack}</arg>
<doc>Waits until the element ``locator`` is visible.</doc>
<status status="PASS" starttime="20231130 23:09:48.192" endtime="20231130 23:09:48.246"/>
</kw>
<kw name="Click Element" library="SeleniumLibrary">
<arg>name=add-to-cart-sauce-labs-backpack</arg>
<doc>Click the element identified by ``locator``.</doc>
<msg timestamp="20231130 23:09:48.248" level="INFO">Clicking element 'name=add-to-cart-sauce-labs-backpack'.</msg>
<status status="PASS" starttime="20231130 23:09:48.247" endtime="20231130 23:09:48.320"/>
</kw>
<status status="PASS" starttime="20231130 23:09:48.191" endtime="20231130 23:09:48.320"/>
</kw>
<status status="PASS" starttime="20231130 23:09:47.400" endtime="20231130 23:09:48.320"/>
</kw>
<kw name="Verificar se o produto 'Sauce Labs Backpack' foi adicionado no carrinho" library="swagLabs">
<kw name="Acessar o carrinho" library="swagLabs">
<kw name="Click Element" library="SeleniumLibrary">
<arg>${ButtonCart}</arg>
<doc>Click the element identified by ``locator``.</doc>
<msg timestamp="20231130 23:09:48.323" level="INFO">Clicking element '//a[@class='shopping_cart_link']'.</msg>
<status status="PASS" starttime="20231130 23:09:48.322" endtime="20231130 23:09:48.422"/>
</kw>
<status status="PASS" starttime="20231130 23:09:48.321" endtime="20231130 23:09:48.422"/>
</kw>
<kw name="Visualizando o produto no carrinho" library="swagLabs">
<kw name="Get Text" library="SeleniumLibrary">
<var>${Produto}</var>
<arg>${BackPack}</arg>
<doc>Returns the text value of the element identified by ``locator``.</doc>
<msg timestamp="20231130 23:09:48.467" level="INFO">${Produto} = Sauce Labs Backpack</msg>
<status status="PASS" starttime="20231130 23:09:48.423" endtime="20231130 23:09:48.467"/>
</kw>
<kw name="Should Be Equal As Strings" library="BuiltIn">
<arg>${Produto}</arg>
<arg>Sauce Labs Backpack</arg>
<doc>Fails if objects are unequal after converting them to strings.</doc>
<status status="PASS" starttime="20231130 23:09:48.468" endtime="20231130 23:09:48.468"/>
</kw>
<status status="PASS" starttime="20231130 23:09:48.422" endtime="20231130 23:09:48.468"/>
</kw>
<status status="PASS" starttime="20231130 23:09:48.321" endtime="20231130 23:09:48.468"/>
</kw>
<kw name="Clicar no botão 'Continue Shopping'" library="swagLabs">
<kw name="Click Element" library="SeleniumLibrary">
<arg>${ButtonShopping}</arg>
<doc>Click the element identified by ``locator``.</doc>
<msg timestamp="20231130 23:09:48.469" level="INFO">Clicking element '//button[@name='continue-shopping']'.</msg>
<status status="PASS" starttime="20231130 23:09:48.469" endtime="20231130 23:09:48.575"/>
</kw>
<status status="PASS" starttime="20231130 23:09:48.468" endtime="20231130 23:09:48.575"/>
</kw>
<kw name="Verificar se voltou para a tela inicial 'Products'" library="swagLabs">
<kw name="Wait Until Element Is Visible" library="SeleniumLibrary">
<arg>${Products}</arg>
<doc>Waits until the element ``locator`` is visible.</doc>
<status status="PASS" starttime="20231130 23:09:48.579" endtime="20231130 23:09:48.626"/>
</kw>
<status status="PASS" starttime="20231130 23:09:48.578" endtime="20231130 23:09:48.627"/>
</kw>
<kw name="Fechar o navegador" library="swagLabs" type="TEARDOWN">
<kw name="Close All Browsers" library="SeleniumLibrary">
<doc>Closes all open browsers and resets the browser cache.</doc>
<status status="PASS" starttime="20231130 23:09:48.628" endtime="20231130 23:09:56.174"/>
</kw>
<status status="PASS" starttime="20231130 23:09:48.627" endtime="20231130 23:09:56.174"/>
</kw>
<doc>Essa suite de teste irá realizar verificação do produto no carrinho
E acessará o carrinho, após verificar o item no carrinho, irá voltar para a tela principal</doc>
<tag>ContinueShopping</tag>
<status status="PASS" starttime="20231130 23:09:43.511" endtime="20231130 23:09:56.175"/>
</test>
<test id="s1-t4" name="Caso de teste 04 - Realiza o pedido com sucesso" line="37">
<kw name="Abrir o navegador" library="swagLabs" type="SETUP">
<kw name="Open Browser" library="SeleniumLibrary">
<arg>${URL}</arg>
<arg>chrome</arg>
<doc>Opens a new browser instance to the optional ``url``.</doc>
<msg timestamp="20231130 23:09:56.177" level="INFO">Opening browser 'chrome' to base url 'https://www.saucedemo.com/'.</msg>
<status status="PASS" starttime="20231130 23:09:56.177" endtime="20231130 23:09:59.675"/>
</kw>
<kw name="Maximize Browser Window" library="SeleniumLibrary">
<doc>Maximizes current browser window.</doc>
<status status="PASS" starttime="20231130 23:09:59.675" endtime="20231130 23:09:59.964"/>
</kw>
<status status="PASS" starttime="20231130 23:09:56.176" endtime="20231130 23:09:59.964"/>
</kw>
<kw name="Está na tela 'Your Cart'" library="swagLabs">
<kw name="Realizar o login" library="swagLabs">
<kw name="Input Text" library="SeleniumLibrary">
<arg>id=user-name</arg>
<arg>standard_user</arg>
<doc>Types the given ``text`` into the text field identified by ``locator``.</doc>
<msg timestamp="20231130 23:09:59.984" level="INFO">Typing text 'standard_user' into text field 'id=user-name'.</msg>
<status status="PASS" starttime="20231130 23:09:59.983" endtime="20231130 23:10:00.494"/>
</kw>
<kw name="Input Password" library="SeleniumLibrary">
<arg>id=password</arg>
<arg>secret_sauce</arg>
<doc>Types the given password into the text field identified by ``locator``.</doc>
<msg timestamp="20231130 23:10:00.495" level="INFO">Typing password into text field 'id=password'.</msg>
<msg timestamp="20231130 23:10:00.562" level="INFO">Temporally setting log level to: NONE</msg>
<msg timestamp="20231130 23:10:00.676" level="INFO">Log level changed from NONE to INFO.</msg>
<status status="PASS" starttime="20231130 23:10:00.494" endtime="20231130 23:10:00.676"/>
</kw>
<status status="PASS" starttime="20231130 23:09:59.982" endtime="20231130 23:10:00.676"/>
</kw>
<kw name="Clicar no botão de 'Login'" library="swagLabs">
<kw name="Click Button" library="SeleniumLibrary">
<arg>id=login-button</arg>
<doc>Clicks the button identified by ``locator``.</doc>
<msg timestamp="20231130 23:10:00.678" level="INFO">Clicking button 'id=login-button'.</msg>
<status status="PASS" starttime="20231130 23:10:00.677" endtime="20231130 23:10:00.922"/>
</kw>
<status status="PASS" starttime="20231130 23:10:00.676" endtime="20231130 23:10:00.922"/>
</kw>
<kw name="Adicionar o produto" library="swagLabs">
<kw name="Wait Until Element Is Visible" library="SeleniumLibrary">
<arg>${BackPack}</arg>
<doc>Waits until the element ``locator`` is visible.</doc>
<status status="PASS" starttime="20231130 23:10:00.923" endtime="20231130 23:10:00.978"/>
</kw>
<kw name="Click Element" library="SeleniumLibrary">
<arg>name=add-to-cart-sauce-labs-backpack</arg>
<doc>Click the element identified by ``locator``.</doc>
<msg timestamp="20231130 23:10:00.979" level="INFO">Clicking element 'name=add-to-cart-sauce-labs-backpack'.</msg>
<status status="PASS" starttime="20231130 23:10:00.978" endtime="20231130 23:10:01.066"/>
</kw>
<status status="PASS" starttime="20231130 23:10:00.923" endtime="20231130 23:10:01.066"/>
</kw>
<status status="PASS" starttime="20231130 23:09:59.982" endtime="20231130 23:10:01.066"/>
</kw>
<kw name="Ter o produto 'Sauce Labs Backpack' adicionado no carrinho" library="swagLabs">
<kw name="Acessar o carrinho" library="swagLabs">
<kw name="Click Element" library="SeleniumLibrary">
<arg>${ButtonCart}</arg>
<doc>Click the element identified by ``locator``.</doc>
<msg timestamp="20231130 23:10:01.072" level="INFO">Clicking element '//a[@class='shopping_cart_link']'.</msg>
<status status="PASS" starttime="20231130 23:10:01.071" endtime="20231130 23:10:01.179"/>
</kw>
<status status="PASS" starttime="20231130 23:10:01.071" endtime="20231130 23:10:01.179"/>
</kw>
<kw name="Visualizando o produto no carrinho" library="swagLabs">
<kw name="Get Text" library="SeleniumLibrary">
<var>${Produto}</var>
<arg>${BackPack}</arg>
<doc>Returns the text value of the element identified by ``locator``.</doc>
<msg timestamp="20231130 23:10:01.226" level="INFO">${Produto} = Sauce Labs Backpack</msg>
<status status="PASS" starttime="20231130 23:10:01.180" endtime="20231130 23:10:01.226"/>
</kw>
<kw name="Should Be Equal As Strings" library="BuiltIn">
<arg>${Produto}</arg>
<arg>Sauce Labs Backpack</arg>
<doc>Fails if objects are unequal after converting them to strings.</doc>
<status status="PASS" starttime="20231130 23:10:01.226" endtime="20231130 23:10:01.227"/>
</kw>
<status status="PASS" starttime="20231130 23:10:01.180" endtime="20231130 23:10:01.227"/>
</kw>
<status status="PASS" starttime="20231130 23:10:01.070" endtime="20231130 23:10:01.227"/>
</kw>
<kw name="Finalizar o pedido" library="swagLabs">
<kw name="Click Element" library="SeleniumLibrary">
<arg>id=checkout</arg>
<doc>Click the element identified by ``locator``.</doc>
<msg timestamp="20231130 23:10:01.243" level="INFO">Clicking element 'id=checkout'.</msg>
<status status="PASS" starttime="20231130 23:10:01.241" endtime="20231130 23:10:01.344"/>
</kw>
<kw name="First Name" library="FakerLibrary">
<var>${nome}</var>
<msg timestamp="20231130 23:10:01.346" level="INFO">${nome} = Nicole</msg>
<status status="PASS" starttime="20231130 23:10:01.345" endtime="20231130 23:10:01.346"/>
</kw>
<kw name="Input Text" library="SeleniumLibrary">
<arg>id=first-name</arg>
<arg>${nome}</arg>
<doc>Types the given ``text`` into the text field identified by ``locator``.</doc>
<msg timestamp="20231130 23:10:01.347" level="INFO">Typing text 'Nicole' into text field 'id=first-name'.</msg>
<status status="PASS" starttime="20231130 23:10:01.346" endtime="20231130 23:10:01.524"/>
</kw>
<kw name="Last Name" library="FakerLibrary">
<var>${sobrenome}</var>
<msg timestamp="20231130 23:10:01.525" level="INFO">${sobrenome} = Castro</msg>
<status status="PASS" starttime="20231130 23:10:01.524" endtime="20231130 23:10:01.525"/>
</kw>
<kw name="Input Text" library="SeleniumLibrary">
<arg>id=last-name</arg>
<arg>${sobrenome}</arg>
<doc>Types the given ``text`` into the text field identified by ``locator``.</doc>
<msg timestamp="20231130 23:10:01.526" level="INFO">Typing text 'Castro' into text field 'id=last-name'.</msg>
<status status="PASS" starttime="20231130 23:10:01.525" endtime="20231130 23:10:01.703"/>
</kw>
<kw name="Input Text" library="SeleniumLibrary">
<arg>id=postal-code</arg>
<arg>21721450</arg>
<doc>Types the given ``text`` into the text field identified by ``locator``.</doc>
<msg timestamp="20231130 23:10:01.705" level="INFO">Typing text '21721450' into text field 'id=postal-code'.</msg>
<status status="PASS" starttime="20231130 23:10:01.704" endtime="20231130 23:10:01.888"/>
</kw>
<kw name="Click Element" library="SeleniumLibrary">
<arg>id=continue</arg>
<doc>Click the element identified by ``locator``.</doc>
<msg timestamp="20231130 23:10:01.889" level="INFO">Clicking element 'id=continue'.</msg>
<status status="PASS" starttime="20231130 23:10:01.888" endtime="20231130 23:10:02.014"/>
</kw>
<kw name="Wait Until Element Is Visible" library="SeleniumLibrary">
<arg>${BackPack}</arg>
<doc>Waits until the element ``locator`` is visible.</doc>
<status status="PASS" starttime="20231130 23:10:02.014" endtime="20231130 23:10:02.055"/>
</kw>
<kw name="Click Element" library="SeleniumLibrary">
<arg>id=finish</arg>
<doc>Click the element identified by ``locator``.</doc>
<msg timestamp="20231130 23:10:02.056" level="INFO">Clicking element 'id=finish'.</msg>
<status status="PASS" starttime="20231130 23:10:02.055" endtime="20231130 23:10:02.154"/>
</kw>
<status status="PASS" starttime="20231130 23:10:01.241" endtime="20231130 23:10:02.154"/>
</kw>
<kw name="Validar mensagem de pedido realizado com sucesso" library="swagLabs">
<kw name="Get Text" library="SeleniumLibrary">
<var>${mensagem}</var>
<arg>//h2[@class='complete-header'][contains(.,'Thank you for your order!')]</arg>
<doc>Returns the text value of the element identified by ``locator``.</doc>
<msg timestamp="20231130 23:10:02.196" level="INFO">${mensagem} = Thank you for your order!</msg>
<status status="PASS" starttime="20231130 23:10:02.155" endtime="20231130 23:10:02.196"/>
</kw>
<kw name="Should Be Equal As Strings" library="BuiltIn">
<arg>${mensagem}</arg>
<arg>Thank you for your order!</arg>
<doc>Fails if objects are unequal after converting them to strings.</doc>
<status status="PASS" starttime="20231130 23:10:02.196" endtime="20231130 23:10:02.196"/>
</kw>
<status status="PASS" starttime="20231130 23:10:02.154" endtime="20231130 23:10:02.197"/>
</kw>
<kw name="Fechar o navegador" library="swagLabs" type="TEARDOWN">
<kw name="Close All Browsers" library="SeleniumLibrary">
<doc>Closes all open browsers and resets the browser cache.</doc>
<status status="PASS" starttime="20231130 23:10:02.198" endtime="20231130 23:10:08.836"/>
</kw>
<status status="PASS" starttime="20231130 23:10:02.198" endtime="20231130 23:10:08.836"/>
</kw>
<doc>Essa suite de Teste irá realizar o pedido com sucesso</doc>
<tag>Pedido</tag>
<status status="PASS" starttime="20231130 23:09:56.176" endtime="20231130 23:10:08.836"/>
</test>
<doc>Aqui estarão todos os steps de Test</doc>
<status status="PASS" starttime="20231130 23:09:18.344" endtime="20231130 23:10:08.838"/>
</suite>
<statistics>
<total>
<stat pass="4" fail="0" skip="0">All Tests</stat>
</total>
<tag>
<stat pass="1" fail="0" skip="0">AdicaoProd</stat>
<stat pass="1" fail="0" skip="0">ContinueShopping</stat>
<stat pass="1" fail="0" skip="0">Login</stat>
<stat pass="1" fail="0" skip="0">Pedido</stat>
</tag>
<suite>
<stat pass="4" fail="0" skip="0" id="s1" name="resources swagLabs">resources swagLabs</stat>
</suite>
</statistics>
<errors>
</errors>
</robot>
